#
# There is insufficient memory for the Java Runtime Environment to continue.
# Native memory allocation (malloc) failed to allocate 293936 bytes for Chunk::new
# Possible reasons:
#   The system is out of physical RAM or swap space
#   The process is running with CompressedOops enabled, and the Java Heap may be blocking the growth of the native heap
# Possible solutions:
#   Reduce memory load on the system
#   Increase physical memory or swap space
#   Check if swap backing store is full
#   Decrease Java heap size (-Xmx/-Xms)
#   Decrease number of Java threads
#   Decrease Java thread stack sizes (-Xss)
#   Set larger code cache with -XX:ReservedCodeCacheSize=
#   JVM is running with Unscaled Compressed Oops mode in which the Java heap is
#     placed in the first 4GB address space. The Java Heap base address is the
#     maximum limit for the native heap growth. Please use -XX:HeapBaseMinAddress
#     to set the Java Heap base and to place the Java Heap above 4GB virtual address.
# This output file may be truncated or incomplete.
#
#  Out of Memory Error (arena.cpp:184), pid=7892, tid=3140
#
# JRE version: Java(TM) SE Runtime Environment (18.0.1.1+2) (build 18.0.1.1+2-6)
# Java VM: Java HotSpot(TM) 64-Bit Server VM (18.0.1.1+2-6, mixed mode, sharing, tiered, compressed oops, compressed class ptrs, g1 gc, windows-amd64)
# No core dump will be written. Minidumps are not enabled by default on client versions of Windows
#

---------------  S U M M A R Y ------------

Command Line: -Dmaven.multiModuleProjectDirectory=C:\Igor\Programming\Plugins\AFK -Djansi.passthrough=true -Dmaven.home=C:\JetBrains\IntelliJ IDEA Community Edition 2022.3.1\plugins\maven\lib\maven3 -Dclassworlds.conf=C:\JetBrains\IntelliJ IDEA Community Edition 2022.3.1\plugins\maven\lib\maven3\bin\m2.conf -Dmaven.ext.class.path=C:\JetBrains\IntelliJ IDEA Community Edition 2022.3.1\plugins\maven\lib\maven-event-listener.jar -javaagent:C:\JetBrains\IntelliJ IDEA Community Edition 2022.3.1\lib\idea_rt.jar=62534:C:\JetBrains\IntelliJ IDEA Community Edition 2022.3.1\bin -Dfile.encoding=UTF-8 -Dsun.stdout.encoding=UTF-8 -Dsun.stderr.encoding=UTF-8 org.codehaus.classworlds.Launcher -Didea.version=2022.3.1 install

Host: Intel(R) Core(TM) i5-2410M CPU @ 2.30GHz, 4 cores, 2G,  Windows 10 , 64 bit Build 19041 (10.0.19041.2913)
Time: Sun Jun 11 23:55:45 2023 RTZ 2 (s 10 , 64 bit Build 19041 (10.0.19041.2913) elapsed time: 8.764443 seconds (0d 0h 0m 8s)

---------------  T H R E A D  ---------------

Current thread (0x00000205fff09720):  JavaThread "C2 CompilerThread0" daemon [_thread_in_native, id=3140, stack(0x000000dc6d800000,0x000000dc6d900000)]


Current CompileTask:
C2:   8764  846       4       java.util.HashSet::add (20 bytes)

Stack: [0x000000dc6d800000,0x000000dc6d900000]
Native frames: (J=compiled Java code, j=interpreted, Vv=VM code, C=native code)
V  [jvm.dll+0x69887a]
V  [jvm.dll+0x7f38bd]
V  [jvm.dll+0x7f51ce]
V  [jvm.dll+0x7f5883]
V  [jvm.dll+0x25ca3f]
V  [jvm.dll+0xb8c2f]
V  [jvm.dll+0xb8fa5]
V  [jvm.dll+0x385a31]
V  [jvm.dll+0x1d29a8]
V  [jvm.dll+0x22fd79]
V  [jvm.dll+0x22eff1]
V  [jvm.dll+0x1b9cfc]
V  [jvm.dll+0x23e8ca]
V  [jvm.dll+0x23cbb5]
V  [jvm.dll+0x7a5fb1]
V  [jvm.dll+0x7a03ea]
V  [jvm.dll+0x697725]
C  [ucrtbase.dll+0x21bb2]
C  [KERNEL32.DLL+0x17614]
C  [ntdll.dll+0x526a1]


---------------  P R O C E S S  ---------------

Threads class SMR info:
_java_thread_list=0x000002059ad80170, length=13, elements={
0x00000205fbe9ee80, 0x00000205ffef1600, 0x00000205ffef2260, 0x00000205fff06d70,
0x00000205fff07710, 0x00000205fff080b0, 0x00000205fff08a50, 0x00000205fff09720,
0x00000205fff1ddd0, 0x00000205fff40790, 0x00000205ffed3e70, 0x000002059ad9c910,
0x000002059ad9cdd0
}

Java Threads: ( => current thread )
  0x00000205fbe9ee80 JavaThread "main" [_thread_in_native, id=6048, stack(0x000000dc6cb00000,0x000000dc6cc00000)]
  0x00000205ffef1600 JavaThread "Reference Handler" daemon [_thread_blocked, id=8884, stack(0x000000dc6d200000,0x000000dc6d300000)]
  0x00000205ffef2260 JavaThread "Finalizer" daemon [_thread_blocked, id=7912, stack(0x000000dc6d300000,0x000000dc6d400000)]
  0x00000205fff06d70 JavaThread "Signal Dispatcher" daemon [_thread_blocked, id=7384, stack(0x000000dc6d400000,0x000000dc6d500000)]
  0x00000205fff07710 JavaThread "Attach Listener" daemon [_thread_blocked, id=9364, stack(0x000000dc6d500000,0x000000dc6d600000)]
  0x00000205fff080b0 JavaThread "Service Thread" daemon [_thread_blocked, id=10500, stack(0x000000dc6d600000,0x000000dc6d700000)]
  0x00000205fff08a50 JavaThread "Monitor Deflation Thread" daemon [_thread_blocked, id=5188, stack(0x000000dc6d700000,0x000000dc6d800000)]
=>0x00000205fff09720 JavaThread "C2 CompilerThread0" daemon [_thread_in_native, id=3140, stack(0x000000dc6d800000,0x000000dc6d900000)]
  0x00000205fff1ddd0 JavaThread "C1 CompilerThread0" daemon [_thread_blocked, id=9480, stack(0x000000dc6d900000,0x000000dc6da00000)]
  0x00000205fff40790 JavaThread "Sweeper thread" daemon [_thread_blocked, id=9040, stack(0x000000dc6da00000,0x000000dc6db00000)]
  0x00000205ffed3e70 JavaThread "Common-Cleaner" daemon [_thread_blocked, id=2772, stack(0x000000dc6db00000,0x000000dc6dc00000)]
  0x000002059ad9c910 JavaThread "Monitor Ctrl-Break" daemon [_thread_in_native, id=8076, stack(0x000000dc6dd00000,0x000000dc6de00000)]
  0x000002059ad9cdd0 JavaThread "Notification Thread" daemon [_thread_blocked, id=7260, stack(0x000000dc6de00000,0x000000dc6df00000)]

Other Threads:
  0x00000205ffeed6c0 VMThread "VM Thread" [stack: 0x000000dc6d100000,0x000000dc6d200000] [id=3432]
  0x00000205f99dc750 WatcherThread "VM Periodic Task Thread" [stack: 0x000000dc6df00000,0x000000dc6e000000] [id=10684]
  0x00000205fbed50d0 WorkerThread "GC Thread#0" [stack: 0x000000dc6cc00000,0x000000dc6cd00000] [id=9740]
  0x00000205fbedbd40 ConcurrentGCThread "G1 Main Marker" [stack: 0x000000dc6cd00000,0x000000dc6ce00000] [id=5624]
  0x00000205fbedd7e0 WorkerThread "G1 Conc#0" [stack: 0x000000dc6ce00000,0x000000dc6cf00000] [id=5700]
  0x00000205fbefdbb0 ConcurrentGCThread "G1 Refine#0" [stack: 0x000000dc6cf00000,0x000000dc6d000000] [id=4752]
  0x00000205fbefe4c0 ConcurrentGCThread "G1 Service" [stack: 0x000000dc6d000000,0x000000dc6d100000] [id=6736]

Threads with active compile tasks:
C2 CompilerThread0     8908  846       4       java.util.HashSet::add (20 bytes)

VM state: not at safepoint (normal execution)

VM Mutex/Monitor currently owned by a thread: None

Heap address: 0x00000000d1600000, size: 746 MB, Compressed Oops mode: 32-bit

CDS archive(s) mapped at: [0x0000000800000000-0x0000000800ba0000-0x0000000800ba0000), size 12189696, SharedBaseAddress: 0x0000000800000000, ArchiveRelocationMode: 0.
Compressed class space mapped at: 0x0000000800c00000-0x0000000840c00000, reserved size: 1073741824
Narrow klass base: 0x0000000800000000, Narrow klass shift: 0, Narrow klass range: 0x100000000

GC Precious Log:
 CardTable entry size: 512
 Card Set container configuration: InlinePtr #cards 5 size 8 Array Of Cards #cards 12 size 40 Howl #buckets 4 coarsen threshold 1843 Howl Bitmap #cards 512 size 80 coarsen threshold 460 Card regions per heap region 1 cards per card region 2048
 CPUs: 4 total, 4 available
 Memory: 2983M
 Large Page Support: Disabled
 NUMA Support: Disabled
 Compressed Oops: Enabled (32-bit)
 Heap Region Size: 1M
 Heap Min Capacity: 8M
 Heap Initial Capacity: 48M
 Heap Max Capacity: 746M
 Pre-touch: Disabled
 Parallel Workers: 4
 Concurrent Workers: 1
 Concurrent Refinement Workers: 4
 Periodic GC: Disabled

Heap:
 garbage-first heap   total 49152K, used 10240K [0x00000000d1600000, 0x0000000100000000)
  region size 1024K, 11 young (11264K), 0 survivors (0K)
 Metaspace       used 3616K, committed 3840K, reserved 1114112K
  class space    used 335K, committed 448K, reserved 1048576K

Heap Regions: E=young(eden), S=young(survivor), O=old, HS=humongous(starts), HC=humongous(continues), CS=collection set, F=free, OA=open archive, CA=closed archive, TAMS=top-at-mark-start (previous, next)
|   0|0x00000000d1600000, 0x00000000d1600000, 0x00000000d1700000|  0%| F|  |TAMS 0x00000000d1600000, 0x00000000d1600000| Untracked 
|   1|0x00000000d1700000, 0x00000000d1700000, 0x00000000d1800000|  0%| F|  |TAMS 0x00000000d1700000, 0x00000000d1700000| Untracked 
|   2|0x00000000d1800000, 0x00000000d1800000, 0x00000000d1900000|  0%| F|  |TAMS 0x00000000d1800000, 0x00000000d1800000| Untracked 
|   3|0x00000000d1900000, 0x00000000d1900000, 0x00000000d1a00000|  0%| F|  |TAMS 0x00000000d1900000, 0x00000000d1900000| Untracked 
|   4|0x00000000d1a00000, 0x00000000d1a00000, 0x00000000d1b00000|  0%| F|  |TAMS 0x00000000d1a00000, 0x00000000d1a00000| Untracked 
|   5|0x00000000d1b00000, 0x00000000d1b00000, 0x00000000d1c00000|  0%| F|  |TAMS 0x00000000d1b00000, 0x00000000d1b00000| Untracked 
|   6|0x00000000d1c00000, 0x00000000d1c00000, 0x00000000d1d00000|  0%| F|  |TAMS 0x00000000d1c00000, 0x00000000d1c00000| Untracked 
|   7|0x00000000d1d00000, 0x00000000d1d00000, 0x00000000d1e00000|  0%| F|  |TAMS 0x00000000d1d00000, 0x00000000d1d00000| Untracked 
|   8|0x00000000d1e00000, 0x00000000d1e00000, 0x00000000d1f00000|  0%| F|  |TAMS 0x00000000d1e00000, 0x00000000d1e00000| Untracked 
|   9|0x00000000d1f00000, 0x00000000d1f00000, 0x00000000d2000000|  0%| F|  |TAMS 0x00000000d1f00000, 0x00000000d1f00000| Untracked 
|  10|0x00000000d2000000, 0x00000000d2000000, 0x00000000d2100000|  0%| F|  |TAMS 0x00000000d2000000, 0x00000000d2000000| Untracked 
|  11|0x00000000d2100000, 0x00000000d2100000, 0x00000000d2200000|  0%| F|  |TAMS 0x00000000d2100000, 0x00000000d2100000| Untracked 
|  12|0x00000000d2200000, 0x00000000d2200000, 0x00000000d2300000|  0%| F|  |TAMS 0x00000000d2200000, 0x00000000d2200000| Untracked 
|  13|0x00000000d2300000, 0x00000000d2300000, 0x00000000d2400000|  0%| F|  |TAMS 0x00000000d2300000, 0x00000000d2300000| Untracked 
|  14|0x00000000d2400000, 0x00000000d2400000, 0x00000000d2500000|  0%| F|  |TAMS 0x00000000d2400000, 0x00000000d2400000| Untracked 
|  15|0x00000000d2500000, 0x00000000d2500000, 0x00000000d2600000|  0%| F|  |TAMS 0x00000000d2500000, 0x00000000d2500000| Untracked 
|  16|0x00000000d2600000, 0x00000000d2600000, 0x00000000d2700000|  0%| F|  |TAMS 0x00000000d2600000, 0x00000000d2600000| Untracked 
|  17|0x00000000d2700000, 0x00000000d2700000, 0x00000000d2800000|  0%| F|  |TAMS 0x00000000d2700000, 0x00000000d2700000| Untracked 
|  18|0x00000000d2800000, 0x00000000d2800000, 0x00000000d2900000|  0%| F|  |TAMS 0x00000000d2800000, 0x00000000d2800000| Untracked 
|  19|0x00000000d2900000, 0x00000000d2900000, 0x00000000d2a00000|  0%| F|  |TAMS 0x00000000d2900000, 0x00000000d2900000| Untracked 
|  20|0x00000000d2a00000, 0x00000000d2a00000, 0x00000000d2b00000|  0%| F|  |TAMS 0x00000000d2a00000, 0x00000000d2a00000| Untracked 
|  21|0x00000000d2b00000, 0x00000000d2b00000, 0x00000000d2c00000|  0%| F|  |TAMS 0x00000000d2b00000, 0x00000000d2b00000| Untracked 
|  22|0x00000000d2c00000, 0x00000000d2c00000, 0x00000000d2d00000|  0%| F|  |TAMS 0x00000000d2c00000, 0x00000000d2c00000| Untracked 
|  23|0x00000000d2d00000, 0x00000000d2d00000, 0x00000000d2e00000|  0%| F|  |TAMS 0x00000000d2d00000, 0x00000000d2d00000| Untracked 
|  24|0x00000000d2e00000, 0x00000000d2e00000, 0x00000000d2f00000|  0%| F|  |TAMS 0x00000000d2e00000, 0x00000000d2e00000| Untracked 
|  25|0x00000000d2f00000, 0x00000000d2f00000, 0x00000000d3000000|  0%| F|  |TAMS 0x00000000d2f00000, 0x00000000d2f00000| Untracked 
|  26|0x00000000d3000000, 0x00000000d3000000, 0x00000000d3100000|  0%| F|  |TAMS 0x00000000d3000000, 0x00000000d3000000| Untracked 
|  27|0x00000000d3100000, 0x00000000d3100000, 0x00000000d3200000|  0%| F|  |TAMS 0x00000000d3100000, 0x00000000d3100000| Untracked 
|  28|0x00000000d3200000, 0x00000000d3200000, 0x00000000d3300000|  0%| F|  |TAMS 0x00000000d3200000, 0x00000000d3200000| Untracked 
|  29|0x00000000d3300000, 0x00000000d3300000, 0x00000000d3400000|  0%| F|  |TAMS 0x00000000d3300000, 0x00000000d3300000| Untracked 
|  30|0x00000000d3400000, 0x00000000d3400000, 0x00000000d3500000|  0%| F|  |TAMS 0x00000000d3400000, 0x00000000d3400000| Untracked 
|  31|0x00000000d3500000, 0x00000000d3500000, 0x00000000d3600000|  0%| F|  |TAMS 0x00000000d3500000, 0x00000000d3500000| Untracked 
|  32|0x00000000d3600000, 0x00000000d3600000, 0x00000000d3700000|  0%| F|  |TAMS 0x00000000d3600000, 0x00000000d3600000| Untracked 
|  33|0x00000000d3700000, 0x00000000d3700000, 0x00000000d3800000|  0%| F|  |TAMS 0x00000000d3700000, 0x00000000d3700000| Untracked 
|  34|0x00000000d3800000, 0x00000000d3800000, 0x00000000d3900000|  0%| F|  |TAMS 0x00000000d3800000, 0x00000000d3800000| Untracked 
|  35|0x00000000d3900000, 0x00000000d3900000, 0x00000000d3a00000|  0%| F|  |TAMS 0x00000000d3900000, 0x00000000d3900000| Untracked 
|  36|0x00000000d3a00000, 0x00000000d3a00000, 0x00000000d3b00000|  0%| F|  |TAMS 0x00000000d3a00000, 0x00000000d3a00000| Untracked 
|  37|0x00000000d3b00000, 0x00000000d3bc8f38, 0x00000000d3c00000| 78%| E|  |TAMS 0x00000000d3b00000, 0x00000000d3b00000| Complete 
|  38|0x00000000d3c00000, 0x00000000d3d00000, 0x00000000d3d00000|100%| E|CS|TAMS 0x00000000d3c00000, 0x00000000d3c00000| Complete 
|  39|0x00000000d3d00000, 0x00000000d3e00000, 0x00000000d3e00000|100%| E|CS|TAMS 0x00000000d3d00000, 0x00000000d3d00000| Complete 
|  40|0x00000000d3e00000, 0x00000000d3f00000, 0x00000000d3f00000|100%| E|CS|TAMS 0x00000000d3e00000, 0x00000000d3e00000| Complete 
|  41|0x00000000d3f00000, 0x00000000d4000000, 0x00000000d4000000|100%| E|CS|TAMS 0x00000000d3f00000, 0x00000000d3f00000| Complete 
|  42|0x00000000d4000000, 0x00000000d4100000, 0x00000000d4100000|100%| E|CS|TAMS 0x00000000d4000000, 0x00000000d4000000| Complete 
|  43|0x00000000d4100000, 0x00000000d4200000, 0x00000000d4200000|100%| E|CS|TAMS 0x00000000d4100000, 0x00000000d4100000| Complete 
|  44|0x00000000d4200000, 0x00000000d4300000, 0x00000000d4300000|100%| E|CS|TAMS 0x00000000d4200000, 0x00000000d4200000| Complete 
|  45|0x00000000d4300000, 0x00000000d4400000, 0x00000000d4400000|100%| E|CS|TAMS 0x00000000d4300000, 0x00000000d4300000| Complete 
|  46|0x00000000d4400000, 0x00000000d4500000, 0x00000000d4500000|100%| E|CS|TAMS 0x00000000d4400000, 0x00000000d4400000| Complete 
|  47|0x00000000d4500000, 0x00000000d4600000, 0x00000000d4600000|100%| E|CS|TAMS 0x00000000d4500000, 0x00000000d4500000| Complete 

Card table byte_map: [0x00000205fbf00000,0x00000205fc080000] _byte_map_base: 0x00000205fb875000

Marking Bits (Prev, Next): (CMBitMap*) 0x00000205fbed56d0, (CMBitMap*) 0x00000205fbed5710
 Prev Bits: [0x00000205fc200000, 0x00000205fcda8000)
 Next Bits: [0x00000205fcdb0000, 0x00000205fd958000)

Polling page: 0x00000205f9a30000

Metaspace:

Usage:
  Non-class:      3.21 MB used.
      Class:    336.79 KB used.
       Both:      3.54 MB used.

Virtual space:
  Non-class space:       64.00 MB reserved,       3.31 MB (  5%) committed,  1 nodes.
      Class space:        1.00 GB reserved,     448.00 KB ( <1%) committed,  1 nodes.
             Both:        1.06 GB reserved,       3.75 MB ( <1%) committed. 

Chunk freelists:
   Non-Class:  2.92 MB
       Class:  3.59 MB
        Both:  6.52 MB

MaxMetaspaceSize: unlimited
CompressedClassSpaceSize: 1.00 GB
Initial GC threshold: 21.00 MB
Current GC threshold: 21.00 MB
CDS: on
MetaspaceReclaimPolicy: balanced
 - commit_granule_bytes: 65536.
 - commit_granule_words: 8192.
 - virtual_space_node_default_size: 8388608.
 - enlarge_chunks_in_place: 1.
 - new_chunks_are_fully_committed: 0.
 - uncommit_free_chunks: 1.
 - use_allocation_guard: 0.


Internal statistics:

num_allocs_failed_limit: 0.
num_arena_births: 50.
num_arena_deaths: 0.
num_vsnodes_births: 2.
num_vsnodes_deaths: 0.
num_space_committed: 60.
num_space_uncommitted: 0.
num_chunks_returned_to_freelist: 0.
num_chunks_taken_from_freelist: 110.
num_chunk_merges: 0.
num_chunk_splits: 73.
num_chunks_enlarged: 52.
num_inconsistent_stats: 0.

CodeHeap 'non-profiled nmethods': size=120000Kb used=256Kb max_used=256Kb free=119743Kb
 bounds [0x000002058f340000, 0x000002058f5b0000, 0x0000020596870000]
CodeHeap 'profiled nmethods': size=120000Kb used=1556Kb max_used=1556Kb free=118443Kb
 bounds [0x0000020587e10000, 0x0000020588080000, 0x000002058f340000]
CodeHeap 'non-nmethods': size=5760Kb used=1160Kb max_used=1171Kb free=4599Kb
 bounds [0x0000020587870000, 0x0000020587ae0000, 0x0000020587e10000]
 total_blobs=1310 nmethods=868 adapters=355
 compilation: enabled
              stopped_count=0, restarted_count=0
 full_count=0

Compilation events (20 events):
Event: 8.675 Thread 0x00000205fff1ddd0  842       3       java.util.Locale::hasExtensions (13 bytes)
Event: 8.675 Thread 0x00000205fff1ddd0 nmethod 842 0x0000020587f84e90 code [0x0000020587f85020, 0x0000020587f85198]
Event: 8.676 Thread 0x00000205fff1ddd0  843       3       java.util.Locale::stripExtensions (20 bytes)
Event: 8.676 Thread 0x00000205fff1ddd0 nmethod 843 0x0000020587f85210 code [0x0000020587f853c0, 0x0000020587f85648]
Event: 8.676 Thread 0x00000205fff1ddd0  844       3       sun.util.locale.BaseLocale::equals (71 bytes)
Event: 8.677 Thread 0x00000205fff1ddd0 nmethod 844 0x0000020587f85710 code [0x0000020587f858e0, 0x0000020587f85dd8]
Event: 8.681 Thread 0x00000205fff09720 nmethod 840 0x000002058f37ed90 code [0x000002058f37ef20, 0x000002058f37f1f8]
Event: 8.685 Thread 0x00000205fff09720  845       4       java.util.StringTokenizer::skipDelimiters (116 bytes)
Event: 8.687 Thread 0x00000205fff1ddd0  847       3       java.lang.invoke.MethodHandle::<init> (37 bytes)
Event: 8.688 Thread 0x00000205fff1ddd0 nmethod 847 0x0000020587f85e90 code [0x0000020587f860a0, 0x0000020587f86618]
Event: 8.688 Thread 0x00000205fff1ddd0  848       3       java.lang.invoke.LambdaForm::prepare (112 bytes)
Event: 8.691 Thread 0x00000205fff1ddd0 nmethod 848 0x0000020587f86890 code [0x0000020587f86ac0, 0x0000020587f87318]
Event: 8.692 Thread 0x00000205fff09720 nmethod 845 0x000002058f37f490 code [0x000002058f37f640, 0x000002058f37f958]
Event: 8.692 Thread 0x00000205fff09720  846       4       java.util.HashSet::add (20 bytes)
Event: 8.700 Thread 0x00000205fff1ddd0  849       3       java.lang.StringBuilder::append (8 bytes)
Event: 8.700 Thread 0x00000205fff1ddd0 nmethod 849 0x0000020587f87610 code [0x0000020587f877a0, 0x0000020587f878e8]
Event: 8.700 Thread 0x00000205fff1ddd0  850       1       java.lang.invoke.MethodHandles$Lookup::previousLookupClass (5 bytes)
Event: 8.700 Thread 0x00000205fff1ddd0 nmethod 850 0x000002058f37fc90 code [0x000002058f37fe20, 0x000002058f37fef8]
Event: 8.700 Thread 0x00000205fff1ddd0  851       3       java.lang.ref.SoftReference::<init> (14 bytes)
Event: 8.701 Thread 0x00000205fff1ddd0 nmethod 851 0x0000020587f87990 code [0x0000020587f87b40, 0x0000020587f87e38]

GC Heap History (0 events):
No events

Deoptimization events (20 events):
Event: 4.839 Thread 0x00000205fbe9ee80 DEOPT PACKING pc=0x000002058f369f9c sp=0x000000dc6cbfc090
Event: 4.839 Thread 0x00000205fbe9ee80 DEOPT UNPACKING pc=0x00000205878c23a3 sp=0x000000dc6cbfbfc8 mode 2
Event: 7.303 Thread 0x00000205fbe9ee80 Uncommon trap: trap_request=0xffffff45 fr.pc=0x000002058f37612c relative=0x00000000000000ac
Event: 7.303 Thread 0x00000205fbe9ee80 Uncommon trap: reason=unstable_if action=reinterpret pc=0x000002058f37612c method=org.codehaus.plexus.util.xml.pull.MXParser.more()C @ 8 c2
Event: 7.303 Thread 0x00000205fbe9ee80 DEOPT PACKING pc=0x000002058f37612c sp=0x000000dc6cbfe6a0
Event: 7.303 Thread 0x00000205fbe9ee80 DEOPT UNPACKING pc=0x00000205878c23a3 sp=0x000000dc6cbfe630 mode 2
Event: 8.377 Thread 0x00000205fbe9ee80 DEOPT PACKING pc=0x0000020587eadce5 sp=0x000000dc6cbf85e0
Event: 8.377 Thread 0x00000205fbe9ee80 DEOPT UNPACKING pc=0x00000205878c2b43 sp=0x000000dc6cbf7a30 mode 0
Event: 8.695 Thread 0x00000205fbe9ee80 Uncommon trap: trap_request=0xffffff45 fr.pc=0x000002058f35a1d0 relative=0x00000000000003b0
Event: 8.695 Thread 0x00000205fbe9ee80 Uncommon trap: reason=unstable_if action=reinterpret pc=0x000002058f35a1d0 method=java.lang.StringLatin1.canEncode(I)Z @ 4 c2
Event: 8.695 Thread 0x00000205fbe9ee80 DEOPT PACKING pc=0x000002058f35a1d0 sp=0x000000dc6cbfdfc0
Event: 8.695 Thread 0x00000205fbe9ee80 DEOPT UNPACKING pc=0x00000205878c23a3 sp=0x000000dc6cbfdee8 mode 2
Event: 8.695 Thread 0x00000205fbe9ee80 Uncommon trap: trap_request=0xffffff45 fr.pc=0x000002058f36f630 relative=0x0000000000000390
Event: 8.695 Thread 0x00000205fbe9ee80 Uncommon trap: reason=unstable_if action=reinterpret pc=0x000002058f36f630 method=java.lang.AbstractStringBuilder.isLatin1()Z @ 10 c2
Event: 8.695 Thread 0x00000205fbe9ee80 DEOPT PACKING pc=0x000002058f36f630 sp=0x000000dc6cbfdfd0
Event: 8.696 Thread 0x00000205fbe9ee80 DEOPT UNPACKING pc=0x00000205878c23a3 sp=0x000000dc6cbfdf50 mode 2
Event: 8.696 Thread 0x00000205fbe9ee80 Uncommon trap: trap_request=0xffffff45 fr.pc=0x000002058f35ea5c relative=0x000000000000005c
Event: 8.696 Thread 0x00000205fbe9ee80 Uncommon trap: reason=unstable_if action=reinterpret pc=0x000002058f35ea5c method=java.lang.AbstractStringBuilder.isLatin1()Z @ 10 c2
Event: 8.696 Thread 0x00000205fbe9ee80 DEOPT PACKING pc=0x000002058f35ea5c sp=0x000000dc6cbfdfb0
Event: 8.696 Thread 0x00000205fbe9ee80 DEOPT UNPACKING pc=0x00000205878c23a3 sp=0x000000dc6cbfdf40 mode 2

Classes loaded (20 events):
Event: 7.139 Loading class java/util/regex/Pattern$SliceS
Event: 7.140 Loading class java/util/regex/Pattern$SliceS done
Event: 7.145 Loading class java/text/MessageFormat
Event: 7.146 Loading class java/text/MessageFormat done
Event: 7.272 Loading class java/io/UnsupportedEncodingException
Event: 7.272 Loading class java/io/UnsupportedEncodingException done
Event: 7.274 Loading class java/io/EOFException
Event: 7.275 Loading class java/io/EOFException done
Event: 7.307 Loading class java/util/ArrayList$ListItr
Event: 7.310 Loading class java/util/ArrayList$ListItr done
Event: 7.818 Loading class java/lang/TypeNotPresentException
Event: 7.820 Loading class java/lang/TypeNotPresentException done
Event: 8.355 Loading class java/util/concurrent/atomic/AtomicReference
Event: 8.359 Loading class java/util/concurrent/atomic/AtomicReference done
Event: 8.422 Loading class java/text/ParseException
Event: 8.422 Loading class java/text/ParseException done
Event: 8.687 Loading class sun/text/resources/cldr/FormatData_en
Event: 8.691 Loading class sun/text/resources/cldr/FormatData_en done
Event: 8.692 Loading class sun/text/resources/cldr/FormatData_en_US
Event: 8.692 Loading class sun/text/resources/cldr/FormatData_en_US done

Classes unloaded (0 events):
No events

Classes redefined (0 events):
No events

Internal exceptions (6 events):
Event: 2.641 Thread 0x00000205fbe9ee80 Exception <a 'java/lang/NoSuchMethodError'{0x00000000d44bab78}: 'void java.lang.invoke.DirectMethodHandle$Holder.invokeStatic(java.lang.Object, java.lang.Object, java.lang.Object)'> (0x00000000d44bab78) 
thrown [s\open\src\hotspot\share\interpreter\linkResolver.cpp, line 766]
Event: 2.672 Thread 0x00000205fbe9ee80 Exception <a 'java/lang/NoSuchMethodError'{0x00000000d44d3bb8}: 'java.lang.Object java.lang.invoke.Invokers$Holder.invokeExact_MT(java.lang.Object, java.lang.Object, java.lang.Object, java.lang.Object, java.lang.Object)'> (0x00000000d44d3bb8) 
thrown [s\open\src\hotspot\share\interpreter\linkResolver.cpp, line 766]
Event: 2.851 Thread 0x00000205fff07710 Exception <a 'java/lang/NoSuchMethodError'{0x00000000d4203d30}: 'java.lang.Object java.lang.invoke.Invokers$Holder.invokeExact_MT(java.lang.Object, java.lang.Object, java.lang.Object, java.lang.Object, java.lang.Object, java.lang.Object)'> (0x00000000d4203d30) 
thrown [s\open\src\hotspot\share\interpreter\linkResolver.cpp, line 766]
Event: 3.432 Thread 0x000002059ad9c910 Exception <a 'java/lang/NoSuchMethodError'{0x00000000d428c260}: 'void java.lang.invoke.DirectMethodHandle$Holder.invokeStatic(java.lang.Object, java.lang.Object)'> (0x00000000d428c260) 
thrown [s\open\src\hotspot\share\interpreter\linkResolver.cpp, line 766]
Event: 4.872 Thread 0x00000205fbe9ee80 Exception <a 'java/lang/NoSuchMethodError'{0x00000000d3f80ff0}: 'java.lang.Object java.lang.invoke.DirectMethodHandle$Holder.invokeStaticInit(java.lang.Object, int, int, int, int)'> (0x00000000d3f80ff0) 
thrown [s\open\src\hotspot\share\interpreter\linkResolver.cpp, line 766]
Event: 5.706 Thread 0x00000205fbe9ee80 Exception <a 'java/lang/NoSuchMethodError'{0x00000000d3fb6d38}: 'java.lang.Object java.lang.invoke.DirectMethodHandle$Holder.invokeStaticInit(java.lang.Object, java.lang.Object, int, int, int, int)'> (0x00000000d3fb6d38) 
thrown [s\open\src\hotspot\share\interpreter\linkResolver.cpp, line 766]

VM Operations (20 events):
Event: 1.883 Executing VM operation: HandshakeAllThreads
Event: 1.883 Executing VM operation: HandshakeAllThreads done
Event: 2.888 Executing VM operation: Cleanup
Event: 2.888 Executing VM operation: Cleanup done
Event: 3.393 Executing VM operation: HandshakeAllThreads
Event: 3.394 Executing VM operation: HandshakeAllThreads done
Event: 4.231 Executing VM operation: HandshakeAllThreads
Event: 4.231 Executing VM operation: HandshakeAllThreads done
Event: 4.231 Executing VM operation: Cleanup
Event: 4.231 Executing VM operation: Cleanup done
Event: 5.244 Executing VM operation: Cleanup
Event: 5.244 Executing VM operation: Cleanup done
Event: 5.884 Executing VM operation: HandshakeAllThreads
Event: 5.884 Executing VM operation: HandshakeAllThreads done
Event: 6.899 Executing VM operation: Cleanup
Event: 6.948 Executing VM operation: Cleanup done
Event: 7.310 Executing VM operation: HandshakeAllThreads
Event: 7.310 Executing VM operation: HandshakeAllThreads done
Event: 8.322 Executing VM operation: Cleanup
Event: 8.322 Executing VM operation: Cleanup done

Events (20 events):
Event: 1.118 Thread 0x00000205ffef2260 Thread added: 0x00000205ffef2260
Event: 1.426 Thread 0x00000205fff06d70 Thread added: 0x00000205fff06d70
Event: 1.426 Thread 0x00000205fff07710 Thread added: 0x00000205fff07710
Event: 1.426 Thread 0x00000205fff080b0 Thread added: 0x00000205fff080b0
Event: 1.433 Thread 0x00000205fff08a50 Thread added: 0x00000205fff08a50
Event: 1.433 Thread 0x00000205fff09720 Thread added: 0x00000205fff09720
Event: 1.451 Thread 0x00000205fff1ddd0 Thread added: 0x00000205fff1ddd0
Event: 1.472 Thread 0x00000205fff40790 Thread added: 0x00000205fff40790
Event: 1.726 Thread 0x00000205ffed3e70 Thread added: 0x00000205ffed3e70
Event: 2.233 Loaded shared library C:\Program Files\Java\jdk-18\bin\zip.dll
Event: 2.274 Loaded shared library C:\Program Files\Java\jdk-18\bin\instrument.dll
Event: 2.451 Loaded shared library C:\Program Files\Java\jdk-18\bin\net.dll
Event: 2.484 Loaded shared library C:\Program Files\Java\jdk-18\bin\nio.dll
Event: 2.512 Loaded shared library C:\Program Files\Java\jdk-18\bin\zip.dll
Event: 2.752 Loaded shared library C:\Program Files\Java\jdk-18\bin\jimage.dll
Event: 3.300 Loaded shared library C:\JetBrains\IntelliJ IDEA Community Edition 2022.3.1\bin\breakgen64.dll
Event: 3.304 Thread 0x000002059ad9c910 Thread added: 0x000002059ad9c910
Event: 3.304 Thread 0x000002059ad9cdd0 Thread added: 0x000002059ad9cdd0
Event: 4.270 Loaded shared library C:\Program Files\Java\jdk-18\bin\verify.dll
Event: 6.019 Loaded shared library C:\Users\Asus\AppData\Local\Temp\jansi-1.17.1-7285054357563854843.dll


Dynamic libraries:
0x00007ff68b750000 - 0x00007ff68b760000 	C:\Program Files\Java\jdk-18\bin\java.exe
0x00007ffa6b250000 - 0x00007ffa6b448000 	C:\WINDOWS\SYSTEM32\ntdll.dll
0x00007ffa693e0000 - 0x00007ffa6949f000 	C:\WINDOWS\System32\KERNEL32.DLL
0x00007ffa68bc0000 - 0x00007ffa68eb6000 	C:\WINDOWS\System32\KERNELBASE.dll
0x00007ffa68ec0000 - 0x00007ffa68fc0000 	C:\WINDOWS\System32\ucrtbase.dll
0x00007ffa5d580000 - 0x00007ffa5d598000 	C:\Program Files\Java\jdk-18\bin\jli.dll
0x00007ffa6a420000 - 0x00007ffa6a4cf000 	C:\WINDOWS\System32\ADVAPI32.dll
0x00007ffa6a580000 - 0x00007ffa6a61e000 	C:\WINDOWS\System32\msvcrt.dll
0x00007ffa694a0000 - 0x00007ffa6953c000 	C:\WINDOWS\System32\sechost.dll
0x00007ffa6a700000 - 0x00007ffa6a826000 	C:\WINDOWS\System32\RPCRT4.dll
0x00007ffa69620000 - 0x00007ffa697bd000 	C:\WINDOWS\System32\USER32.dll
0x00007ffa691e0000 - 0x00007ffa69202000 	C:\WINDOWS\System32\win32u.dll
0x00007ffa5d560000 - 0x00007ffa5d57a000 	C:\Program Files\Java\jdk-18\bin\VCRUNTIME140.dll
0x00007ffa6a6d0000 - 0x00007ffa6a6fc000 	C:\WINDOWS\System32\GDI32.dll
0x00007ffa690c0000 - 0x00007ffa691d5000 	C:\WINDOWS\System32\gdi32full.dll
0x00007ffa69210000 - 0x00007ffa692ad000 	C:\WINDOWS\System32\msvcp_win.dll
0x00007ffa5ada0000 - 0x00007ffa5b03a000 	C:\WINDOWS\WinSxS\amd64_microsoft.windows.common-controls_6595b64144ccf1df_6.0.19041.1110_none_60b5254171f9507e\COMCTL32.dll
0x00007ffa68100000 - 0x00007ffa6810a000 	C:\WINDOWS\SYSTEM32\VERSION.dll
0x00007ffa6a290000 - 0x00007ffa6a2c0000 	C:\WINDOWS\System32\IMM32.DLL
0x00007ffa68110000 - 0x00007ffa68146000 	C:\WINDOWS\system32\DriverStore\FileRepository\nvami.inf_amd64_1474122a0ce2f241\nvinitx.dll
0x00007ffa69b20000 - 0x00007ffa6a264000 	C:\WINDOWS\System32\Shell32.dll
0x00007ffa669a0000 - 0x00007ffa67133000 	C:\WINDOWS\SYSTEM32\windows.storage.dll
0x00007ffa697c0000 - 0x00007ffa69b14000 	C:\WINDOWS\System32\combase.dll
0x00007ffa68390000 - 0x00007ffa683be000 	C:\WINDOWS\SYSTEM32\Wldp.dll
0x00007ffa6a620000 - 0x00007ffa6a6cd000 	C:\WINDOWS\System32\SHCORE.dll
0x00007ffa6a320000 - 0x00007ffa6a375000 	C:\WINDOWS\System32\shlwapi.dll
0x000000005f860000 - 0x000000005f866000 	C:\Program Files\NVIDIA Corporation\CoProcManager\_etoured.dll
0x00007ffa35390000 - 0x00007ffa353d3000 	C:\Program Files\NVIDIA Corporation\CoProcManager\nvd3d9wrapx.dll
0x00007ffa6ada0000 - 0x00007ffa6b208000 	C:\WINDOWS\System32\SETUPAPI.dll
0x00007ffa68ac0000 - 0x00007ffa68b0e000 	C:\WINDOWS\System32\cfgmgr32.dll
0x00007ffa68930000 - 0x00007ffa68957000 	C:\WINDOWS\System32\bcrypt.dll
0x00007ffa35360000 - 0x00007ffa3538d000 	C:\Program Files\NVIDIA Corporation\CoProcManager\nvdxgiwrapx.dll
0x00007ffa5df80000 - 0x00007ffa5df8c000 	C:\Program Files\Java\jdk-18\bin\vcruntime140_1.dll
0x00007ffa52440000 - 0x00007ffa524cd000 	C:\Program Files\Java\jdk-18\bin\msvcp140.dll
0x00007ffa3b880000 - 0x00007ffa3c490000 	C:\Program Files\Java\jdk-18\bin\server\jvm.dll
0x00007ffa695a0000 - 0x00007ffa695a8000 	C:\WINDOWS\System32\PSAPI.DLL
0x00007ffa638d0000 - 0x00007ffa638d9000 	C:\WINDOWS\SYSTEM32\WSOCK32.dll
0x00007ffa695b0000 - 0x00007ffa6961b000 	C:\WINDOWS\System32\WS2_32.dll
0x00007ffa5a0e0000 - 0x00007ffa5a107000 	C:\WINDOWS\SYSTEM32\WINMM.dll
0x00007ffa667a0000 - 0x00007ffa667b2000 	C:\WINDOWS\SYSTEM32\kernel.appcore.dll
0x00007ffa5da50000 - 0x00007ffa5da5a000 	C:\Program Files\Java\jdk-18\bin\jimage.dll
0x00007ffa56240000 - 0x00007ffa56424000 	C:\WINDOWS\SYSTEM32\DBGHELP.DLL
0x00007ffa56200000 - 0x00007ffa56234000 	C:\WINDOWS\SYSTEM32\dbgcore.DLL
0x00007ffa69030000 - 0x00007ffa690b2000 	C:\WINDOWS\System32\bcryptPrimitives.dll
0x00007ffa64570000 - 0x00007ffa6457e000 	C:\Program Files\Java\jdk-18\bin\instrument.dll
0x00007ffa5d410000 - 0x00007ffa5d435000 	C:\Program Files\Java\jdk-18\bin\java.dll
0x00007ffa4a270000 - 0x00007ffa4a346000 	C:\Program Files\Java\jdk-18\bin\jsvml.dll
0x00007ffa68870000 - 0x00007ffa6888f000 	C:\WINDOWS\SYSTEM32\profapi.dll
0x00007ffa5d330000 - 0x00007ffa5d348000 	C:\Program Files\Java\jdk-18\bin\zip.dll
0x00007ffa5d3f0000 - 0x00007ffa5d403000 	C:\Program Files\Java\jdk-18\bin\net.dll
0x00007ffa5c310000 - 0x00007ffa5c41a000 	C:\WINDOWS\SYSTEM32\WINHTTP.dll
0x00007ffa68030000 - 0x00007ffa6809a000 	C:\WINDOWS\system32\mswsock.dll
0x00007ffa5d3d0000 - 0x00007ffa5d3e6000 	C:\Program Files\Java\jdk-18\bin\nio.dll
0x00007ffa5dff0000 - 0x00007ffa5e00a000 	C:\JetBrains\IntelliJ IDEA Community Edition 2022.3.1\bin\breakgen64.dll
0x00007ffa5d2e0000 - 0x00007ffa5d2f0000 	C:\Program Files\Java\jdk-18\bin\verify.dll
0x00007ffa68270000 - 0x00007ffa68288000 	C:\WINDOWS\SYSTEM32\CRYPTSP.dll
0x00007ffa678e0000 - 0x00007ffa67914000 	C:\WINDOWS\system32\rsaenh.dll
0x00007ffa687f0000 - 0x00007ffa6881e000 	C:\WINDOWS\SYSTEM32\USERENV.dll
0x00007ffa68290000 - 0x00007ffa6829c000 	C:\WINDOWS\SYSTEM32\CRYPTBASE.dll
0x00007ffa67d20000 - 0x00007ffa67d5c000 	C:\WINDOWS\SYSTEM32\IPHLPAPI.DLL
0x00007ffa6a410000 - 0x00007ffa6a418000 	C:\WINDOWS\System32\NSI.dll
0x00007ffa5c900000 - 0x00007ffa5c917000 	C:\WINDOWS\SYSTEM32\dhcpcsvc6.DLL
0x00007ffa5dd50000 - 0x00007ffa5dd6d000 	C:\WINDOWS\SYSTEM32\dhcpcsvc.DLL
0x00007ffa67d60000 - 0x00007ffa67e2b000 	C:\WINDOWS\SYSTEM32\DNSAPI.dll
0x00007ffa62a90000 - 0x00007ffa62a9a000 	C:\Users\Asus\AppData\Local\Temp\jansi-1.17.1-7285054357563854843.dll

dbghelp: loaded successfully - version: 4.0.5 - missing functions: none
symbol engine: initialized successfully - sym options: 0x614 - pdb path: .;C:\Program Files\Java\jdk-18\bin;C:\WINDOWS\SYSTEM32;C:\WINDOWS\WinSxS\amd64_microsoft.windows.common-controls_6595b64144ccf1df_6.0.19041.1110_none_60b5254171f9507e;C:\WINDOWS\system32\DriverStore\FileRepository\nvami.inf_amd64_1474122a0ce2f241;C:\Program Files\NVIDIA Corporation\CoProcManager;C:\Program Files\Java\jdk-18\bin\server;C:\JetBrains\IntelliJ IDEA Community Edition 2022.3.1\bin;C:\Users\Asus\AppData\Local\Temp

VM Arguments:
jvm_args: -Dmaven.multiModuleProjectDirectory=C:\Igor\Programming\Plugins\AFK -Djansi.passthrough=true -Dmaven.home=C:\JetBrains\IntelliJ IDEA Community Edition 2022.3.1\plugins\maven\lib\maven3 -Dclassworlds.conf=C:\JetBrains\IntelliJ IDEA Community Edition 2022.3.1\plugins\maven\lib\maven3\bin\m2.conf -Dmaven.ext.class.path=C:\JetBrains\IntelliJ IDEA Community Edition 2022.3.1\plugins\maven\lib\maven-event-listener.jar -javaagent:C:\JetBrains\IntelliJ IDEA Community Edition 2022.3.1\lib\idea_rt.jar=62534:C:\JetBrains\IntelliJ IDEA Community Edition 2022.3.1\bin -Dfile.encoding=UTF-8 -Dsun.stdout.encoding=UTF-8 -Dsun.stderr.encoding=UTF-8 
java_command: org.codehaus.classworlds.Launcher -Didea.version=2022.3.1 install
java_class_path (initial): C:\JetBrains\IntelliJ IDEA Community Edition 2022.3.1\plugins\maven\lib\maven3\boot\plexus-classworlds-2.6.0.jar;C:\JetBrains\IntelliJ IDEA Community Edition 2022.3.1\plugins\maven\lib\maven3\boot\plexus-classworlds.license
Launcher Type: SUN_STANDARD

[Global flags]
     intx CICompilerCount                          = 3                                         {product} {ergonomic}
     uint ConcGCThreads                            = 1                                         {product} {ergonomic}
     uint G1ConcRefinementThreads                  = 4                                         {product} {ergonomic}
   size_t G1HeapRegionSize                         = 1048576                                   {product} {ergonomic}
    uintx GCDrainStackTargetSize                   = 64                                        {product} {ergonomic}
   size_t InitialHeapSize                          = 50331648                                  {product} {ergonomic}
   size_t MarkStackSize                            = 4194304                                   {product} {ergonomic}
   size_t MaxHeapSize                              = 782237696                                 {product} {ergonomic}
   size_t MaxNewSize                               = 468713472                                 {product} {ergonomic}
   size_t MinHeapDeltaBytes                        = 1048576                                   {product} {ergonomic}
   size_t MinHeapSize                              = 8388608                                   {product} {ergonomic}
    uintx NonNMethodCodeHeapSize                   = 5832780                                {pd product} {ergonomic}
    uintx NonProfiledCodeHeapSize                  = 122912730                              {pd product} {ergonomic}
    uintx ProfiledCodeHeapSize                     = 122912730                              {pd product} {ergonomic}
    uintx ReservedCodeCacheSize                    = 251658240                              {pd product} {ergonomic}
     bool SegmentedCodeCache                       = true                                      {product} {ergonomic}
   size_t SoftMaxHeapSize                          = 782237696                              {manageable} {ergonomic}
     bool UseCompressedClassPointers               = true                           {product lp64_product} {ergonomic}
     bool UseCompressedOops                        = true                           {product lp64_product} {ergonomic}
     bool UseG1GC                                  = true                                      {product} {ergonomic}
     bool UseLargePagesIndividualAllocation        = false                                  {pd product} {ergonomic}

Logging:
Log output configuration:
 #0: stdout all=warning uptime,level,tags foldmultilines=false
 #1: stderr all=off uptime,level,tags foldmultilines=false

Environment Variables:
PATH=C:\Program Files\Common Files\Oracle\Java\javapath;C:\Program Files (x86)\Common Files\Oracle\Java\javapath;C:\WINDOWS\system32;C:\WINDOWS;C:\WINDOWS\System32\Wbem;C:\WINDOWS\System32\WindowsPowerShell\v1.0\;C:\WINDOWS\System32\OpenSSH\;C:\Git\cmd;C:\Program Files\Microsoft SQL Server\150\Tools\Binn\;C:\Users\Asus\AppData\Local\Programs\Python\Python311\Scripts\;C:\Users\Asus\AppData\Local\Programs\Python\Python311\;C:\Program Files (x86)\NVIDIA Corporation\PhysX\Common;C:\MinGW\bin;C:\nodejs\;C:\Users\Asus\AppData\Local\Programs\Python\Python311\Scripts\;C:\Users\Asus\AppData\Local\Programs\Python\Python311\;C:\Users\Asus\AppData\Local\Microsoft\WindowsApps;C:\Users\Asus\AppData\Local\GitHubDesktop\bin;C:\Microsoft VS Code\bin;C:\JetBrains\IntelliJ IDEA Community Edition 2021.3\bin;;C:\Users\Asus\AppData\Roaming\Python\Python310\Scripts;C:\Users\Asus\AppData\Roaming\npm;
USERNAME=Asus
OS=Windows_NT
PROCESSOR_IDENTIFIER=Intel64 Family 6 Model 42 Stepping 7, GenuineIntel



---------------  S Y S T E M  ---------------

OS:
 Windows 10 , 64 bit Build 19041 (10.0.19041.2913)
OS uptime: 5 days 6:38 hours

CPU: total 4 (initial active 4) (2 cores per cpu, 2 threads per core) family 6 model 42 stepping 7 microcode 0x2f, cx8, cmov, fxsr, ht, mmx, sse, sse2, sse3, ssse3, sse4.1, sse4.2, popcnt, tsc, tscinvbit, avx, aes, clmul, vzeroupper, clflush

Memory: 4k page, system-wide physical 2983M (53M free)
TotalPageFile size 12199M (AvailPageFile size 1M)
current process WorkingSet (physical memory assigned to process): 57M, peak: 57M
current process commit charge ("private bytes"): 129M, peak: 129M

vm_info: Java HotSpot(TM) 64-Bit Server VM (18.0.1.1+2-6) for windows-amd64 JRE (18.0.1.1+2-6), built on Apr 25 2022 21:53:15 by "mach5one" with MS VC++ 16.8 / 16.9 (VS2019)

END.
